scripts/kconfig/conf -s arch/arm/Kconfig
  CHK     include/linux/version.h
  UPD     include/linux/version.h
  CHK     include/generated/utsrelease.h
  UPD     include/generated/utsrelease.h
  HOSTCC  scripts/genksyms/genksyms.o
  Generating include/generated/mach-types.h
  CC      scripts/mod/empty.o
  HOSTCC  scripts/mod/mk_elfconfig
  MKELF   scripts/mod/elfconfig.h
  HOSTCC  scripts/mod/file2alias.o
  SHIPPED scripts/genksyms/lex.c
  SHIPPED scripts/genksyms/parse.h
  SHIPPED scripts/genksyms/keywords.c
  SHIPPED scripts/genksyms/parse.c
  HOSTCC  scripts/genksyms/lex.o
  HOSTCC  scripts/kallsyms
  HOSTCC  scripts/conmakehash
  HOSTCC  scripts/mod/modpost.o
  HOSTCC  scripts/genksyms/parse.o
  CC      kernel/bounds.s
  GEN     include/generated/bounds.h
  CC      arch/arm/kernel/asm-offsets.s
  HOSTLD  scripts/genksyms/genksyms
  HOSTCC  scripts/mod/sumversion.o
  GEN     include/generated/asm-offsets.h
  CALL    scripts/checksyscalls.sh
  HOSTLD  scripts/mod/modpost
  CC      init/main.o
  CHK     include/generated/compile.h
  HOSTCC  usr/gen_init_cpio
  UPD     include/generated/compile.h
  CC      init/do_mounts.o
make[1]: *** [init/main.o] Interrupt
make[1]: *** [init/do_mounts.o] Interrupt
make: *** [init] Interrupt
make[1]: *** [usr/gen_init_cpio] Interrupt
make: *** [usr] Interrupt
